<?xml version="1.0" encoding="UTF-8"?>
<!-- Generated by org.testng.reporters.JUnitXMLReporter -->
<testsuite ignored="0" hostname="LAPTOP-71BV0SD6" failures="5" tests="5" name="Surefire test" time="0.523" errors="0" timestamp="2021-10-29T17:53:49 IST">
  <testcase classname="com.spotify.oauth2.tests.PlaylistTests" name="ShouldBeAbleToGetAPlaylist" time="0.139">
    <failure type="java.lang.Error" message="Unresolved compilation problem: 
	The method builder() is undefined for the type Playlist
">
      <![CDATA[java.lang.Error: Unresolved compilation problem: 
The method builder() is undefined for the type Playlist

at com.spotify.oauth2.tests.PlaylistTests.playlistBuilder(PlaylistTests.java:71)
at com.spotify.oauth2.tests.PlaylistTests.ShouldBeAbleToGetAPlaylist(PlaylistTests.java:37)
at java.base/java.util.concurrent.ThreadPoolExecutor.runWorker(ThreadPoolExecutor.java:1136)
at java.base/java.util.concurrent.ThreadPoolExecutor$Worker.run(ThreadPoolExecutor.java:635)
at java.base/java.lang.Thread.run(Thread.java:833)
... Removed 12 stack frames]]>
    </failure>
  </testcase> <!-- ShouldBeAbleToGetAPlaylist -->
  <testcase classname="com.spotify.oauth2.tests.PlaylistTests" name="ShouldNotBeAbleToCreateAPlaylistWithName" time="0.237">
    <failure type="java.lang.Error" message="Unresolved compilation problem: 
	The method builder() is undefined for the type Playlist
">
      <![CDATA[java.lang.Error: Unresolved compilation problem: 
The method builder() is undefined for the type Playlist

at com.spotify.oauth2.tests.PlaylistTests.playlistBuilder(PlaylistTests.java:71)
at com.spotify.oauth2.tests.PlaylistTests.ShouldNotBeAbleToCreateAPlaylistWithName(PlaylistTests.java:53)
at java.base/java.util.concurrent.ThreadPoolExecutor.runWorker(ThreadPoolExecutor.java:1136)
at java.base/java.util.concurrent.ThreadPoolExecutor$Worker.run(ThreadPoolExecutor.java:635)
at java.base/java.lang.Thread.run(Thread.java:833)
... Removed 12 stack frames]]>
    </failure>
  </testcase> <!-- ShouldNotBeAbleToCreateAPlaylistWithName -->
  <testcase classname="com.spotify.oauth2.tests.PlaylistTests" name="ShouldNotBeAbleToCreateAPlaylistWithExpiredToken" time="0.244">
    <failure type="java.lang.Error" message="Unresolved compilation problem: 
	The method builder() is undefined for the type Playlist
">
      <![CDATA[java.lang.Error: Unresolved compilation problem: 
The method builder() is undefined for the type Playlist

at com.spotify.oauth2.tests.PlaylistTests.playlistBuilder(PlaylistTests.java:71)
at com.spotify.oauth2.tests.PlaylistTests.ShouldNotBeAbleToCreateAPlaylistWithExpiredToken(PlaylistTests.java:63)
at java.base/java.util.concurrent.ThreadPoolExecutor.runWorker(ThreadPoolExecutor.java:1136)
at java.base/java.util.concurrent.ThreadPoolExecutor$Worker.run(ThreadPoolExecutor.java:635)
at java.base/java.lang.Thread.run(Thread.java:833)
... Removed 12 stack frames]]>
    </failure>
  </testcase> <!-- ShouldNotBeAbleToCreateAPlaylistWithExpiredToken -->
  <testcase classname="com.spotify.oauth2.tests.PlaylistTests" name="ShouldBeAbleToUpdateAPlaylist" time="0.243">
    <failure type="java.lang.Error" message="Unresolved compilation problem: 
	The method builder() is undefined for the type Playlist
">
      <![CDATA[java.lang.Error: Unresolved compilation problem: 
The method builder() is undefined for the type Playlist

at com.spotify.oauth2.tests.PlaylistTests.playlistBuilder(PlaylistTests.java:71)
at com.spotify.oauth2.tests.PlaylistTests.ShouldBeAbleToUpdateAPlaylist(PlaylistTests.java:45)
at java.base/java.util.concurrent.ThreadPoolExecutor.runWorker(ThreadPoolExecutor.java:1136)
at java.base/java.util.concurrent.ThreadPoolExecutor$Worker.run(ThreadPoolExecutor.java:635)
at java.base/java.lang.Thread.run(Thread.java:833)
... Removed 12 stack frames]]>
    </failure>
  </testcase> <!-- ShouldBeAbleToUpdateAPlaylist -->
  <testcase classname="com.spotify.oauth2.tests.PlaylistTests" name="ShouldBeAbleToCreateAPlaylist" time="0.248">
    <failure type="java.lang.Error" message="Unresolved compilation problem: 
	The method builder() is undefined for the type Playlist
">
      <![CDATA[java.lang.Error: Unresolved compilation problem: 
The method builder() is undefined for the type Playlist

at com.spotify.oauth2.tests.PlaylistTests.playlistBuilder(PlaylistTests.java:71)
at com.spotify.oauth2.tests.PlaylistTests.ShouldBeAbleToCreateAPlaylist(PlaylistTests.java:29)
at java.base/java.util.concurrent.ThreadPoolExecutor.runWorker(ThreadPoolExecutor.java:1136)
at java.base/java.util.concurrent.ThreadPoolExecutor$Worker.run(ThreadPoolExecutor.java:635)
at java.base/java.lang.Thread.run(Thread.java:833)
... Removed 12 stack frames]]>
    </failure>
  </testcase> <!-- ShouldBeAbleToCreateAPlaylist -->
</testsuite> <!-- Surefire test -->
