<?xml version="1.0" encoding="UTF-8"?>
<testsuite xmlns:xsi="http://www.w3.org/2001/XMLSchema-instance" xsi:noNamespaceSchemaLocation="https://maven.apache.org/surefire/maven-surefire-plugin/xsd/surefire-test-report-3.0.xsd" version="3.0" name="TestSuite" time="1.848" tests="5" errors="0" skipped="0" failures="5">
  <properties>
[...]
</properties>
  <testcase name="ShouldBeAbleToGetAPlaylist" classname="com.spotify.oauth2.tests.PlaylistTests" time="0.148">
    <failure message="Unresolved compilation problem: &#10;	The method builder() is undefined for the type Playlist&#10;" type="java.lang.Error"><![CDATA[java.lang.Error: 
Unresolved compilation problem: 
	The method builder() is undefined for the type Playlist

	at com.spotify.oauth2.tests.PlaylistTests.playlistBuilder(PlaylistTests.java:71)
	at com.spotify.oauth2.tests.PlaylistTests.ShouldBeAbleToGetAPlaylist(PlaylistTests.java:37)
]]></failure>
    <system-out><![CDATA[STARTING TEST: ShouldNotBeAbleToCreateAPlaylistWithName
STARTING TEST: ShouldBeAbleToCreateAPlaylist
STARTING TEST: ShouldBeAbleToGetAPlaylist
THREAD ID: 22
THREAD ID: 18
THREAD ID: 19
STARTING TEST: ShouldBeAbleToUpdateAPlaylist
THREAD ID: 20
STARTING TEST: ShouldNotBeAbleToCreateAPlaylistWithExpiredToken
THREAD ID: 21
]]></system-out>
    <system-err><![CDATA[SLF4J: Failed to load class "org.slf4j.impl.StaticLoggerBinder".
SLF4J: Defaulting to no-operation (NOP) logger implementation
SLF4J: See http://www.slf4j.org/codes.html#StaticLoggerBinder for further details.
]]></system-err>
  </testcase>
  <testcase name="ShouldNotBeAbleToCreateAPlaylistWithName" classname="com.spotify.oauth2.tests.PlaylistTests" time="0.232">
    <failure message="Unresolved compilation problem: &#10;	The method builder() is undefined for the type Playlist&#10;" type="java.lang.Error"><![CDATA[java.lang.Error: 
Unresolved compilation problem: 
	The method builder() is undefined for the type Playlist

	at com.spotify.oauth2.tests.PlaylistTests.playlistBuilder(PlaylistTests.java:71)
	at com.spotify.oauth2.tests.PlaylistTests.ShouldNotBeAbleToCreateAPlaylistWithName(PlaylistTests.java:53)
]]></failure>
  </testcase>
  <testcase name="ShouldNotBeAbleToCreateAPlaylistWithExpiredToken" classname="com.spotify.oauth2.tests.PlaylistTests" time="0.24">
    <failure message="Unresolved compilation problem: &#10;	The method builder() is undefined for the type Playlist&#10;" type="java.lang.Error"><![CDATA[java.lang.Error: 
Unresolved compilation problem: 
	The method builder() is undefined for the type Playlist

	at com.spotify.oauth2.tests.PlaylistTests.playlistBuilder(PlaylistTests.java:71)
	at com.spotify.oauth2.tests.PlaylistTests.ShouldNotBeAbleToCreateAPlaylistWithExpiredToken(PlaylistTests.java:63)
]]></failure>
  </testcase>
  <testcase name="ShouldBeAbleToUpdateAPlaylist" classname="com.spotify.oauth2.tests.PlaylistTests" time="0.241">
    <failure message="Unresolved compilation problem: &#10;	The method builder() is undefined for the type Playlist&#10;" type="java.lang.Error"><![CDATA[java.lang.Error: 
Unresolved compilation problem: 
	The method builder() is undefined for the type Playlist

	at com.spotify.oauth2.tests.PlaylistTests.playlistBuilder(PlaylistTests.java:71)
	at com.spotify.oauth2.tests.PlaylistTests.ShouldBeAbleToUpdateAPlaylist(PlaylistTests.java:45)
]]></failure>
  </testcase>
  <testcase name="ShouldBeAbleToCreateAPlaylist" classname="com.spotify.oauth2.tests.PlaylistTests" time="0.244">
    <failure message="Unresolved compilation problem: &#10;	The method builder() is undefined for the type Playlist&#10;" type="java.lang.Error"><![CDATA[java.lang.Error: 
Unresolved compilation problem: 
	The method builder() is undefined for the type Playlist

	at com.spotify.oauth2.tests.PlaylistTests.playlistBuilder(PlaylistTests.java:71)
	at com.spotify.oauth2.tests.PlaylistTests.ShouldBeAbleToCreateAPlaylist(PlaylistTests.java:29)
]]></failure>
  </testcase>
</testsuite>